1710847141.456055 client started (44869): version 3.4, socket /private/tmp/tmux-501/default, protocol 8
1710847141.456113 on Darwin 23.4.0 Darwin Kernel Version 23.4.0: Wed Feb 21 21:44:43 PST 2024; root:xnu-10063.101.15~2/RELEASE_ARM64_T6000
1710847141.456127 using libevent 2.1.12-stable select
1710847141.456367 using utf8proc 2.9.0
1710847141.456379 using ncurses 6.4 20221231
1710847141.456393 flags are 0x10010000
1710847141.456398 socket is /private/tmp/tmux-501/default
1710847141.456407 trying connect
1710847141.456442 add peer 0x130048000: 6 (0x0)
1710847141.458169 sending message 100 to peer 0x130048000 (4 bytes)
1710847141.458179 sending message 111 to peer 0x130048000 (8 bytes)
1710847141.458196 sending message 101 to peer 0x130048000 (15 bytes)
1710847141.458201 sending message 109 to peer 0x130048000 (4 bytes)
1710847141.458207 sending message 102 to peer 0x130048000 (13 bytes)
1710847141.458212 sending message 108 to peer 0x130048000 (25 bytes)
1710847141.458216 sending message 112 to peer 0x130048000 (58 bytes)
1710847141.458221 sending message 112 to peer 0x130048000 (5 bytes)
1710847141.458226 sending message 112 to peer 0x130048000 (5 bytes)
1710847141.458230 sending message 112 to peer 0x130048000 (6 bytes)
1710847141.458235 sending message 112 to peer 0x130048000 (6 bytes)
1710847141.458239 sending message 112 to peer 0x130048000 (11 bytes)
1710847141.458244 sending message 112 to peer 0x130048000 (10 bytes)
1710847141.458248 sending message 112 to peer 0x130048000 (13 bytes)
1710847141.458253 sending message 112 to peer 0x130048000 (14 bytes)
1710847141.458258 sending message 112 to peer 0x130048000 (19 bytes)
1710847141.458262 sending message 112 to peer 0x130048000 (11 bytes)
1710847141.458267 sending message 112 to peer 0x130048000 (10 bytes)
1710847141.458271 sending message 112 to peer 0x130048000 (15 bytes)
1710847141.458276 sending message 112 to peer 0x130048000 (21 bytes)
1710847141.458280 sending message 112 to peer 0x130048000 (13 bytes)
1710847141.458285 sending message 112 to peer 0x130048000 (7 bytes)
1710847141.458289 sending message 112 to peer 0x130048000 (13 bytes)
1710847141.458294 sending message 112 to peer 0x130048000 (7 bytes)
1710847141.458298 sending message 112 to peer 0x130048000 (13 bytes)
1710847141.458303 sending message 112 to peer 0x130048000 (9 bytes)
1710847141.458307 sending message 112 to peer 0x130048000 (21 bytes)
1710847141.458311 sending message 112 to peer 0x130048000 (13 bytes)
1710847141.458316 sending message 112 to peer 0x130048000 (9 bytes)
1710847141.458321 sending message 112 to peer 0x130048000 (16 bytes)
1710847141.458325 sending message 112 to peer 0x130048000 (13 bytes)
1710847141.458329 sending message 112 to peer 0x130048000 (9 bytes)
1710847141.458334 sending message 112 to peer 0x130048000 (9 bytes)
1710847141.458338 sending message 112 to peer 0x130048000 (12 bytes)
1710847141.458343 sending message 112 to peer 0x130048000 (8 bytes)
1710847141.458347 sending message 112 to peer 0x130048000 (8 bytes)
1710847141.458352 sending message 112 to peer 0x130048000 (13 bytes)
1710847141.458356 sending message 112 to peer 0x130048000 (7 bytes)
1710847141.458361 sending message 112 to peer 0x130048000 (7 bytes)
1710847141.458365 sending message 112 to peer 0x130048000 (9 bytes)
1710847141.458370 sending message 112 to peer 0x130048000 (9 bytes)
1710847141.458374 sending message 112 to peer 0x130048000 (15 bytes)
1710847141.458379 sending message 112 to peer 0x130048000 (13 bytes)
1710847141.458384 sending message 112 to peer 0x130048000 (12 bytes)
1710847141.458388 sending message 112 to peer 0x130048000 (8 bytes)
1710847141.458393 sending message 112 to peer 0x130048000 (14 bytes)
1710847141.458398 sending message 112 to peer 0x130048000 (11 bytes)
1710847141.458402 sending message 112 to peer 0x130048000 (9 bytes)
1710847141.458407 sending message 112 to peer 0x130048000 (10 bytes)
1710847141.458411 sending message 112 to peer 0x130048000 (10 bytes)
1710847141.458416 sending message 112 to peer 0x130048000 (10 bytes)
1710847141.458420 sending message 112 to peer 0x130048000 (10 bytes)
1710847141.458432 sending message 112 to peer 0x130048000 (11 bytes)
1710847141.458436 sending message 112 to peer 0x130048000 (12 bytes)
1710847141.458439 sending message 112 to peer 0x130048000 (12 bytes)
1710847141.458442 sending message 112 to peer 0x130048000 (12 bytes)
1710847141.458445 sending message 112 to peer 0x130048000 (12 bytes)
1710847141.458448 sending message 112 to peer 0x130048000 (12 bytes)
1710847141.458452 sending message 112 to peer 0x130048000 (11 bytes)
1710847141.458455 sending message 112 to peer 0x130048000 (11 bytes)
1710847141.458458 sending message 112 to peer 0x130048000 (12 bytes)
1710847141.458461 sending message 112 to peer 0x130048000 (12 bytes)
1710847141.458464 sending message 112 to peer 0x130048000 (12 bytes)
1710847141.458467 sending message 112 to peer 0x130048000 (12 bytes)
1710847141.458470 sending message 112 to peer 0x130048000 (12 bytes)
1710847141.458474 sending message 112 to peer 0x130048000 (9 bytes)
1710847141.458477 sending message 112 to peer 0x130048000 (12 bytes)
1710847141.458480 sending message 112 to peer 0x130048000 (13 bytes)
1710847141.458483 sending message 112 to peer 0x130048000 (13 bytes)
1710847141.458486 sending message 112 to peer 0x130048000 (13 bytes)
1710847141.458489 sending message 112 to peer 0x130048000 (13 bytes)
1710847141.458492 sending message 112 to peer 0x130048000 (13 bytes)
1710847141.458496 sending message 112 to peer 0x130048000 (8 bytes)
1710847141.458499 sending message 112 to peer 0x130048000 (11 bytes)
1710847141.458502 sending message 112 to peer 0x130048000 (11 bytes)
1710847141.458505 sending message 112 to peer 0x130048000 (11 bytes)
1710847141.458508 sending message 112 to peer 0x130048000 (12 bytes)
1710847141.458511 sending message 112 to peer 0x130048000 (12 bytes)
1710847141.458514 sending message 112 to peer 0x130048000 (12 bytes)
1710847141.458517 sending message 112 to peer 0x130048000 (12 bytes)
1710847141.458520 sending message 112 to peer 0x130048000 (13 bytes)
1710847141.458523 sending message 112 to peer 0x130048000 (13 bytes)
1710847141.458526 sending message 112 to peer 0x130048000 (13 bytes)
1710847141.458529 sending message 112 to peer 0x130048000 (8 bytes)
1710847141.458533 sending message 112 to peer 0x130048000 (13 bytes)
1710847141.458536 sending message 112 to peer 0x130048000 (13 bytes)
1710847141.458539 sending message 112 to peer 0x130048000 (13 bytes)
1710847141.458542 sending message 112 to peer 0x130048000 (13 bytes)
1710847141.458545 sending message 112 to peer 0x130048000 (13 bytes)
1710847141.458548 sending message 112 to peer 0x130048000 (12 bytes)
1710847141.458551 sending message 112 to peer 0x130048000 (12 bytes)
1710847141.458554 sending message 112 to peer 0x130048000 (12 bytes)
1710847141.458557 sending message 112 to peer 0x130048000 (12 bytes)
1710847141.458560 sending message 112 to peer 0x130048000 (13 bytes)
1710847141.458563 sending message 112 to peer 0x130048000 (8 bytes)
1710847141.458566 sending message 112 to peer 0x130048000 (13 bytes)
1710847141.458570 sending message 112 to peer 0x130048000 (13 bytes)
1710847141.458573 sending message 112 to peer 0x130048000 (13 bytes)
1710847141.458576 sending message 112 to peer 0x130048000 (13 bytes)
1710847141.458579 sending message 112 to peer 0x130048000 (13 bytes)
1710847141.458582 sending message 112 to peer 0x130048000 (13 bytes)
1710847141.458585 sending message 112 to peer 0x130048000 (13 bytes)
1710847141.458588 sending message 112 to peer 0x130048000 (12 bytes)
1710847141.458592 sending message 112 to peer 0x130048000 (12 bytes)
1710847141.458595 sending message 112 to peer 0x130048000 (12 bytes)
1710847141.458598 sending message 112 to peer 0x130048000 (8 bytes)
1710847141.458601 sending message 112 to peer 0x130048000 (12 bytes)
1710847141.458604 sending message 112 to peer 0x130048000 (13 bytes)
1710847141.458607 sending message 112 to peer 0x130048000 (13 bytes)
1710847141.458610 sending message 112 to peer 0x130048000 (13 bytes)
1710847141.458613 sending message 112 to peer 0x130048000 (13 bytes)
1710847141.458616 sending message 112 to peer 0x130048000 (13 bytes)
1710847141.458625 sending message 112 to peer 0x130048000 (13 bytes)
1710847141.458629 sending message 112 to peer 0x130048000 (13 bytes)
1710847141.458632 sending message 112 to peer 0x130048000 (13 bytes)
1710847141.458635 sending message 112 to peer 0x130048000 (12 bytes)
1710847141.458638 sending message 112 to peer 0x130048000 (10 bytes)
1710847141.458641 sending message 112 to peer 0x130048000 (12 bytes)
1710847141.458645 sending message 112 to peer 0x130048000 (12 bytes)
1710847141.458648 sending message 112 to peer 0x130048000 (12 bytes)
1710847141.458651 sending message 112 to peer 0x130048000 (13 bytes)
1710847141.458654 sending message 112 to peer 0x130048000 (13 bytes)
1710847141.458657 sending message 112 to peer 0x130048000 (13 bytes)
1710847141.458660 sending message 112 to peer 0x130048000 (13 bytes)
1710847141.458663 sending message 112 to peer 0x130048000 (13 bytes)
1710847141.458666 sending message 112 to peer 0x130048000 (13 bytes)
1710847141.458669 sending message 112 to peer 0x130048000 (13 bytes)
1710847141.458672 sending message 112 to peer 0x130048000 (10 bytes)
1710847141.458675 sending message 112 to peer 0x130048000 (13 bytes)
1710847141.458679 sending message 112 to peer 0x130048000 (12 bytes)
1710847141.458682 sending message 112 to peer 0x130048000 (12 bytes)
1710847141.458685 sending message 112 to peer 0x130048000 (12 bytes)
1710847141.458688 sending message 112 to peer 0x130048000 (10 bytes)
1710847141.458691 sending message 112 to peer 0x130048000 (10 bytes)
1710847141.458694 sending message 112 to peer 0x130048000 (10 bytes)
1710847141.458697 sending message 112 to peer 0x130048000 (12 bytes)
1710847141.458700 sending message 112 to peer 0x130048000 (13 bytes)
1710847141.458704 sending message 112 to peer 0x130048000 (13 bytes)
1710847141.458707 sending message 112 to peer 0x130048000 (13 bytes)
1710847141.458710 sending message 112 to peer 0x130048000 (13 bytes)
1710847141.458713 sending message 112 to peer 0x130048000 (13 bytes)
1710847141.458716 sending message 112 to peer 0x130048000 (10 bytes)
1710847141.458719 sending message 112 to peer 0x130048000 (11 bytes)
1710847141.458722 sending message 112 to peer 0x130048000 (12 bytes)
1710847141.458725 sending message 112 to peer 0x130048000 (12 bytes)
1710847141.458728 sending message 112 to peer 0x130048000 (12 bytes)
1710847141.458731 sending message 112 to peer 0x130048000 (12 bytes)
1710847141.458734 sending message 112 to peer 0x130048000 (12 bytes)
1710847141.458737 sending message 112 to peer 0x130048000 (11 bytes)
1710847141.458740 sending message 112 to peer 0x130048000 (12 bytes)
1710847141.458743 sending message 112 to peer 0x130048000 (12 bytes)
1710847141.458747 sending message 112 to peer 0x130048000 (13 bytes)
1710847141.458750 sending message 112 to peer 0x130048000 (13 bytes)
1710847141.458753 sending message 112 to peer 0x130048000 (13 bytes)
1710847141.458756 sending message 112 to peer 0x130048000 (13 bytes)
1710847141.458759 sending message 112 to peer 0x130048000 (13 bytes)
1710847141.458762 sending message 112 to peer 0x130048000 (10 bytes)
1710847141.458765 sending message 112 to peer 0x130048000 (9 bytes)
1710847141.458768 sending message 112 to peer 0x130048000 (12 bytes)
1710847141.458771 sending message 112 to peer 0x130048000 (13 bytes)
1710847141.458774 sending message 112 to peer 0x130048000 (13 bytes)
1710847141.458777 sending message 112 to peer 0x130048000 (13 bytes)
1710847141.458780 sending message 112 to peer 0x130048000 (13 bytes)
1710847141.458786 sending message 112 to peer 0x130048000 (13 bytes)
1710847141.458789 sending message 112 to peer 0x130048000 (9 bytes)
1710847141.458792 sending message 112 to peer 0x130048000 (12 bytes)
1710847141.458795 sending message 112 to peer 0x130048000 (13 bytes)
1710847141.458799 sending message 112 to peer 0x130048000 (13 bytes)
1710847141.458802 sending message 112 to peer 0x130048000 (13 bytes)
1710847141.458805 sending message 112 to peer 0x130048000 (13 bytes)
1710847141.458808 sending message 112 to peer 0x130048000 (13 bytes)
1710847141.458816 sending message 112 to peer 0x130048000 (11 bytes)
1710847141.458820 sending message 112 to peer 0x130048000 (12 bytes)
1710847141.458823 sending message 112 to peer 0x130048000 (13 bytes)
1710847141.458826 sending message 112 to peer 0x130048000 (13 bytes)
1710847141.458839 sending message 112 to peer 0x130048000 (13 bytes)
1710847141.458842 sending message 112 to peer 0x130048000 (13 bytes)
1710847141.458845 sending message 112 to peer 0x130048000 (13 bytes)
1710847141.458848 sending message 112 to peer 0x130048000 (11 bytes)
1710847141.458851 sending message 112 to peer 0x130048000 (12 bytes)
1710847141.458855 sending message 112 to peer 0x130048000 (12 bytes)
1710847141.458858 sending message 112 to peer 0x130048000 (12 bytes)
1710847141.458861 sending message 112 to peer 0x130048000 (12 bytes)
1710847141.458864 sending message 112 to peer 0x130048000 (12 bytes)
1710847141.458867 sending message 112 to peer 0x130048000 (21 bytes)
1710847141.458870 sending message 112 to peer 0x130048000 (12 bytes)
1710847141.458873 sending message 112 to peer 0x130048000 (9 bytes)
1710847141.458877 sending message 112 to peer 0x130048000 (6 bytes)
1710847141.458880 sending message 112 to peer 0x130048000 (13 bytes)
1710847141.458883 sending message 112 to peer 0x130048000 (10 bytes)
1710847141.458886 sending message 112 to peer 0x130048000 (24 bytes)
1710847141.458889 sending message 112 to peer 0x130048000 (13 bytes)
1710847141.458892 sending message 112 to peer 0x130048000 (9 bytes)
1710847141.458895 sending message 112 to peer 0x130048000 (70 bytes)
1710847141.458898 sending message 112 to peer 0x130048000 (69 bytes)
1710847141.458901 sending message 112 to peer 0x130048000 (12 bytes)
1710847141.458904 sending message 112 to peer 0x130048000 (10 bytes)
1710847141.458907 sending message 112 to peer 0x130048000 (10 bytes)
1710847141.458910 sending message 112 to peer 0x130048000 (24 bytes)
1710847141.458914 sending message 112 to peer 0x130048000 (13 bytes)
1710847141.458917 sending message 112 to peer 0x130048000 (10 bytes)
1710847141.458920 sending message 112 to peer 0x130048000 (10 bytes)
1710847141.458923 sending message 112 to peer 0x130048000 (10 bytes)
1710847141.458927 sending message 112 to peer 0x130048000 (13 bytes)
1710847141.458930 sending message 112 to peer 0x130048000 (15 bytes)
1710847141.458933 sending message 112 to peer 0x130048000 (5 bytes)
1710847141.458937 sending message 104 to peer 0x130048000 (0 bytes)
1710847141.458941 sending message 110 to peer 0x130048000 (0 bytes)
1710847141.458944 sending message 107 to peer 0x130048000 (4 bytes)
1710847141.458948 sending message 105 to peer 0x130048000 (29 bytes)
1710847141.458951 sending message 105 to peer 0x130048000 (60 bytes)
1710847141.458954 sending message 105 to peer 0x130048000 (15 bytes)
1710847141.458957 sending message 105 to peer 0x130048000 (16 bytes)
1710847141.458960 sending message 105 to peer 0x130048000 (19 bytes)
1710847141.458963 sending message 105 to peer 0x130048000 (12 bytes)
1710847141.458967 sending message 105 to peer 0x130048000 (2439 bytes)
1710847141.458970 sending message 105 to peer 0x130048000 (25 bytes)
1710847141.458973 sending message 105 to peer 0x130048000 (22 bytes)
1710847141.458976 sending message 105 to peer 0x130048000 (38 bytes)
1710847141.458980 sending message 105 to peer 0x130048000 (117 bytes)
1710847141.458983 sending message 105 to peer 0x130048000 (17 bytes)
1710847141.458986 sending message 105 to peer 0x130048000 (12 bytes)
1710847141.458989 sending message 105 to peer 0x130048000 (59 bytes)
1710847141.458992 sending message 105 to peer 0x130048000 (36 bytes)
1710847141.458995 sending message 105 to peer 0x130048000 (27 bytes)
1710847141.458998 sending message 105 to peer 0x130048000 (36 bytes)
1710847141.459001 sending message 105 to peer 0x130048000 (37 bytes)
1710847141.459004 sending message 105 to peer 0x130048000 (13 bytes)
1710847141.459008 sending message 105 to peer 0x130048000 (35 bytes)
1710847141.459011 sending message 105 to peer 0x130048000 (20 bytes)
1710847141.459020 sending message 105 to peer 0x130048000 (30 bytes)
1710847141.459023 sending message 105 to peer 0x130048000 (8 bytes)
1710847141.459026 sending message 105 to peer 0x130048000 (47 bytes)
1710847141.459030 sending message 105 to peer 0x130048000 (8 bytes)
1710847141.459033 sending message 105 to peer 0x130048000 (26 bytes)
1710847141.459036 sending message 105 to peer 0x130048000 (20 bytes)
1710847141.459039 sending message 105 to peer 0x130048000 (57 bytes)
1710847141.459042 sending message 105 to peer 0x130048000 (96 bytes)
1710847141.459045 sending message 105 to peer 0x130048000 (25 bytes)
1710847141.459048 sending message 105 to peer 0x130048000 (18 bytes)
1710847141.459051 sending message 105 to peer 0x130048000 (32 bytes)
1710847141.459054 sending message 105 to peer 0x130048000 (10 bytes)
1710847141.459062 sending message 105 to peer 0x130048000 (19 bytes)
1710847141.459065 sending message 105 to peer 0x130048000 (85 bytes)
1710847141.459069 sending message 105 to peer 0x130048000 (183 bytes)
1710847141.459072 sending message 105 to peer 0x130048000 (20 bytes)
1710847141.459075 sending message 105 to peer 0x130048000 (64 bytes)
1710847141.459078 sending message 105 to peer 0x130048000 (38 bytes)
1710847141.459082 sending message 105 to peer 0x130048000 (760 bytes)
1710847141.459085 sending message 105 to peer 0x130048000 (45 bytes)
1710847141.459088 sending message 105 to peer 0x130048000 (42 bytes)
1710847141.459091 sending message 105 to peer 0x130048000 (24 bytes)
1710847141.459094 sending message 105 to peer 0x130048000 (10 bytes)
1710847141.459098 sending message 105 to peer 0x130048000 (26 bytes)
1710847141.459101 sending message 105 to peer 0x130048000 (85 bytes)
1710847141.459104 sending message 105 to peer 0x130048000 (17 bytes)
1710847141.459107 sending message 105 to peer 0x130048000 (15 bytes)
1710847141.459110 sending message 105 to peer 0x130048000 (17 bytes)
1710847141.459113 sending message 105 to peer 0x130048000 (22 bytes)
1710847141.459116 sending message 105 to peer 0x130048000 (14 bytes)
1710847141.459119 sending message 105 to peer 0x130048000 (11 bytes)
1710847141.459122 sending message 105 to peer 0x130048000 (19 bytes)
1710847141.459125 sending message 105 to peer 0x130048000 (66 bytes)
1710847141.459129 sending message 105 to peer 0x130048000 (72 bytes)
1710847141.459132 sending message 105 to peer 0x130048000 (22 bytes)
1710847141.459135 sending message 105 to peer 0x130048000 (12 bytes)
1710847141.459138 sending message 105 to peer 0x130048000 (32 bytes)
1710847141.459141 sending message 105 to peer 0x130048000 (36 bytes)
1710847141.459144 sending message 105 to peer 0x130048000 (34 bytes)
1710847141.459147 sending message 105 to peer 0x130048000 (68 bytes)
1710847141.459150 sending message 105 to peer 0x130048000 (60 bytes)
1710847141.459153 sending message 105 to peer 0x130048000 (54 bytes)
1710847141.459156 sending message 105 to peer 0x130048000 (44 bytes)
1710847141.459160 sending message 105 to peer 0x130048000 (29 bytes)
1710847141.459163 sending message 105 to peer 0x130048000 (28 bytes)
1710847141.459166 sending message 105 to peer 0x130048000 (43 bytes)
1710847141.459169 sending message 105 to peer 0x130048000 (13 bytes)
1710847141.459172 sending message 105 to peer 0x130048000 (34 bytes)
1710847141.459175 sending message 106 to peer 0x130048000 (0 bytes)
1710847141.459230 sending message 200 to peer 0x130048000 (4 bytes)
1710847141.459235 client loop enter
1710847141.459443 peer 0x130048000 message 303
1710847141.459448 open write file 2 -
1710847141.459456 sending message 305 to peer 0x130048000 (8 bytes)
1710847141.459465 write check file 2
1710847141.459483 peer 0x130048000 message 304
1710847141.459487 write 58 to file 2
1710847141.459492 peer 0x130048000 message 203
1710847141.459495 file 2 58 bytes left
1710847141.459505 write check file 2
1710847141.459509 client loop exit
